# JRE version: Java(TM) SE Runtime Environment (8.0_25-b18) (build 1.8.0_25-b18)
# Java VM: Java HotSpot(TM) 64-Bit Server VM (25.25-b02 mixed mode windows-amd64 compressed oops)
Heap:
 PSYoungGen      total 28672K, used 17794K [0x00000000e0900000, 0x00000000e2900000, 0x0000000100000000)
  eden space 24576K, 72% used [0x00000000e0900000,0x00000000e1a60a08,0x00000000e2100000)
  from space 4096K, 0% used [0x00000000e2100000,0x00000000e2100000,0x00000000e2500000)
  to   space 4096K, 0% used [0x00000000e2500000,0x00000000e2500000,0x00000000e2900000)
 ParOldGen       total 47616K, used 1015K [0x00000000a1a00000, 0x00000000a4880000, 0x00000000e0900000)
  object space 47616K, 2% used [0x00000000a1a00000,0x00000000a1afdd38,0x00000000a4880000)
 Metaspace       used 15089K, capacity 15222K, committed 15488K, reserved 1064960K
  class space    used 1805K, capacity 1860K, committed 1920K, reserved 1048576K
GC Heap History (4 events):
Event: 0.438 GC heap before
{Heap before GC invocations=1 (full 0):
 PSYoungGen      total 28672K, used 3940K [0x00000000e0900000, 0x00000000e2900000, 0x0000000100000000)
  eden space 24576K, 16% used [0x00000000e0900000,0x00000000e0cd93b0,0x00000000e2100000)
  from space 4096K, 0% used [0x00000000e2500000,0x00000000e2500000,0x00000000e2900000)
  to   space 4096K, 0% used [0x00000000e2100000,0x00000000e2100000,0x00000000e2500000)
 ParOldGen       total 65536K, used 0K [0x00000000a1a00000, 0x00000000a5a00000, 0x00000000e0900000)
  object space 65536K, 0% used [0x00000000a1a00000,0x00000000a1a00000,0x00000000a5a00000)
 Metaspace       used 6246K, capacity 6362K, committed 6400K, reserved 1060864K
  class space    used 723K, capacity 766K, committed 768K, reserved 1048576K
Event: 0.440 GC heap after
Heap after GC invocations=1 (full 0):
 PSYoungGen      total 28672K, used 1152K [0x00000000e0900000, 0x00000000e2900000, 0x0000000100000000)
  eden space 24576K, 0% used [0x00000000e0900000,0x00000000e0900000,0x00000000e2100000)
  from space 4096K, 28% used [0x00000000e2100000,0x00000000e2220000,0x00000000e2500000)
  to   space 4096K, 0% used [0x00000000e2500000,0x00000000e2500000,0x00000000e2900000)
 ParOldGen       total 65536K, used 8K [0x00000000a1a00000, 0x00000000a5a00000, 0x00000000e0900000)
  object space 65536K, 0% used [0x00000000a1a00000,0x00000000a1a02000,0x00000000a5a00000)
 Metaspace       used 6246K, capacity 6362K, committed 6400K, reserved 1060864K
  class space    used 723K, capacity 766K, committed 768K, reserved 1048576K
}
Event: 0.440 GC heap before
{Heap before GC invocations=2 (full 1):
 PSYoungGen      total 28672K, used 1152K [0x00000000e0900000, 0x00000000e2900000, 0x0000000100000000)
  eden space 24576K, 0% used [0x00000000e0900000,0x00000000e0900000,0x00000000e2100000)
  from space 4096K, 28% used [0x00000000e2100000,0x00000000e2220000,0x00000000e2500000)
  to   space 4096K, 0% used [0x00000000e2500000,0x00000000e2500000,0x00000000e2900000)
 ParOldGen       total 65536K, used 8K [0x00000000a1a00000, 0x00000000a5a00000, 0x00000000e0900000)
  object space 65536K, 0% used [0x00000000a1a00000,0x00000000a1a02000,0x00000000a5a00000)
 Metaspace       used 6246K, capacity 6362K, committed 6400K, reserved 1060864K
  class space    used 723K, capacity 766K, committed 768K, reserved 1048576K
Event: 0.454 GC heap after
Heap after GC invocations=2 (full 1):
 PSYoungGen      total 28672K, used 0K [0x00000000e0900000, 0x00000000e2900000, 0x0000000100000000)
  eden space 24576K, 0% used [0x00000000e0900000,0x00000000e0900000,0x00000000e2100000)
  from space 4096K, 0% used [0x00000000e2100000,0x00000000e2100000,0x00000000e2500000)
  to   space 4096K, 0% used [0x00000000e2500000,0x00000000e2500000,0x00000000e2900000)
 ParOldGen       total 47616K, used 1015K [0x00000000a1a00000, 0x00000000a4880000, 0x00000000e0900000)
  object space 47616K, 2% used [0x00000000a1a00000,0x00000000a1afdd38,0x00000000a4880000)
 Metaspace       used 6244K, capacity 6360K, committed 6400K, reserved 1058816K
  class space    used 722K, capacity 765K, committed 768K, reserved 1048576K
}

