# JRE version: Java(TM) SE Runtime Environment (8.0_25-b18) (build 1.8.0_25-b18)
# Java VM: Java HotSpot(TM) 64-Bit Server VM (25.25-b02 mixed mode windows-amd64 compressed oops)
Heap:
 PSYoungGen      total 28672K, used 20043K [0x00000000e0900000, 0x00000000e2900000, 0x0000000100000000)
  eden space 24576K, 81% used [0x00000000e0900000,0x00000000e1c92cc0,0x00000000e2100000)
  from space 4096K, 0% used [0x00000000e2100000,0x00000000e2100000,0x00000000e2500000)
  to   space 4096K, 0% used [0x00000000e2500000,0x00000000e2500000,0x00000000e2900000)
 ParOldGen       total 47616K, used 1862K [0x00000000a1a00000, 0x00000000a4880000, 0x00000000e0900000)
  object space 47616K, 3% used [0x00000000a1a00000,0x00000000a1bd1a28,0x00000000a4880000)
 Metaspace       used 15809K, capacity 16008K, committed 16384K, reserved 1064960K
  class space    used 1932K, capacity 1991K, committed 2048K, reserved 1048576K
GC Heap History (4 events):
Event: 0.689 GC heap before
{Heap before GC invocations=1 (full 0):
 PSYoungGen      total 28672K, used 6897K [0x00000000e0900000, 0x00000000e2900000, 0x0000000100000000)
  eden space 24576K, 28% used [0x00000000e0900000,0x00000000e0fbc5f8,0x00000000e2100000)
  from space 4096K, 0% used [0x00000000e2500000,0x00000000e2500000,0x00000000e2900000)
  to   space 4096K, 0% used [0x00000000e2100000,0x00000000e2100000,0x00000000e2500000)
 ParOldGen       total 65536K, used 0K [0x00000000a1a00000, 0x00000000a5a00000, 0x00000000e0900000)
  object space 65536K, 0% used [0x00000000a1a00000,0x00000000a1a00000,0x00000000a5a00000)
 Metaspace       used 8987K, capacity 9050K, committed 9088K, reserved 1060864K
  class space    used 1121K, capacity 1150K, committed 1152K, reserved 1048576K
Event: 0.691 GC heap after
Heap after GC invocations=1 (full 0):
 PSYoungGen      total 28672K, used 2058K [0x00000000e0900000, 0x00000000e2900000, 0x0000000100000000)
  eden space 24576K, 0% used [0x00000000e0900000,0x00000000e0900000,0x00000000e2100000)
  from space 4096K, 50% used [0x00000000e2100000,0x00000000e23028c0,0x00000000e2500000)
  to   space 4096K, 0% used [0x00000000e2500000,0x00000000e2500000,0x00000000e2900000)
 ParOldGen       total 65536K, used 8K [0x00000000a1a00000, 0x00000000a5a00000, 0x00000000e0900000)
  object space 65536K, 0% used [0x00000000a1a00000,0x00000000a1a02000,0x00000000a5a00000)
 Metaspace       used 8987K, capacity 9050K, committed 9088K, reserved 1060864K
  class space    used 1121K, capacity 1150K, committed 1152K, reserved 1048576K
}
Event: 0.692 GC heap before
{Heap before GC invocations=2 (full 1):
 PSYoungGen      total 28672K, used 2058K [0x00000000e0900000, 0x00000000e2900000, 0x0000000100000000)
  eden space 24576K, 0% used [0x00000000e0900000,0x00000000e0900000,0x00000000e2100000)
  from space 4096K, 50% used [0x00000000e2100000,0x00000000e23028c0,0x00000000e2500000)
  to   space 4096K, 0% used [0x00000000e2500000,0x00000000e2500000,0x00000000e2900000)
 ParOldGen       total 65536K, used 8K [0x00000000a1a00000, 0x00000000a5a00000, 0x00000000e0900000)
  object space 65536K, 0% used [0x00000000a1a00000,0x00000000a1a02000,0x00000000a5a00000)
 Metaspace       used 8987K, capacity 9050K, committed 9088K, reserved 1060864K
  class space    used 1121K, capacity 1150K, committed 1152K, reserved 1048576K
Event: 0.708 GC heap after
Heap after GC invocations=2 (full 1):
 PSYoungGen      total 28672K, used 0K [0x00000000e0900000, 0x00000000e2900000, 0x0000000100000000)
  eden space 24576K, 0% used [0x00000000e0900000,0x00000000e0900000,0x00000000e2100000)
  from space 4096K, 0% used [0x00000000e2100000,0x00000000e2100000,0x00000000e2500000)
  to   space 4096K, 0% used [0x00000000e2500000,0x00000000e2500000,0x00000000e2900000)
 ParOldGen       total 47616K, used 1862K [0x00000000a1a00000, 0x00000000a4880000, 0x00000000e0900000)
  object space 47616K, 3% used [0x00000000a1a00000,0x00000000a1bd1a28,0x00000000a4880000)
 Metaspace       used 8986K, capacity 9048K, committed 9088K, reserved 1058816K
  class space    used 1120K, capacity 1149K, committed 1152K, reserved 1048576K
}

